<?xml version="1.0" encoding="UTF-8"?>
<!-- Generated by org.testng.reporters.JUnitXMLReporter -->
<testsuite hostname="CBT-02-13" ignored="0" name="Default test" tests="4" failures="0" timestamp="2020-03-04T17:20:51 IST" time="25.175" errors="0">
  <testcase name="editSalaryRevisionLetterTest" time="3.639" classname="com.tyss.eletter.testscripts.SalaryRevisionLetter"/>
  <testcase name="previewSalaryRevisionLetterTest" time="5.651" classname="com.tyss.eletter.testscripts.SalaryRevisionLetter"/>
  <testcase name="sendMailSalaryRevisionLetterTest" time="5.186" classname="com.tyss.eletter.testscripts.SalaryRevisionLetter"/>
  <testcase name="skippingMandatoryFieldTest" time="1.839" classname="com.tyss.eletter.testscripts.SalaryRevisionLetter"/>
</testsuite> <!-- Default test -->
