<?xml version="1.0" encoding="UTF-8"?>
<!-- Generated by org.testng.reporters.JUnitXMLReporter -->
<testsuite hostname="CBT-02-13" ignored="0" name="Test" tests="40" failures="0" timestamp="2020-03-04T17:34:42 IST" time="251.676" errors="0">
  <testcase name="editInternshipLetterTest" time="3.928" classname="com.tyss.eletter.testscripts.InternshipLetter"/>
  <testcase name="previewInternshipLetterTest" time="7.691" classname="com.tyss.eletter.testscripts.InternshipLetter"/>
  <testcase name="sendmailInternshipLetterTest" time="6.153" classname="com.tyss.eletter.testscripts.InternshipLetter"/>
  <testcase name="skippingMandatoryFieldTest" time="2.138" classname="com.tyss.eletter.testscripts.InternshipLetter"/>
  <testcase name="editProjectPolicyLetterTest" time="3.355" classname="com.tyss.eletter.testscripts.ProjectPolicyLetter"/>
  <testcase name="previewProjectPolicyLetterTest" time="6.323" classname="com.tyss.eletter.testscripts.ProjectPolicyLetter"/>
  <testcase name="sendMailProjectPolicyLetterTest" time="5.423" classname="com.tyss.eletter.testscripts.ProjectPolicyLetter"/>
  <testcase name="skippingMandatoryFieldTest" time="2.445" classname="com.tyss.eletter.testscripts.ProjectPolicyLetter"/>
  <testcase name="editSalaryRevisionLetterTest" time="3.044" classname="com.tyss.eletter.testscripts.SalaryRevisionLetter"/>
  <testcase name="previewSalaryRevisionLetterTest" time="5.974" classname="com.tyss.eletter.testscripts.SalaryRevisionLetter"/>
  <testcase name="sendMailSalaryRevisionLetterTest" time="4.931" classname="com.tyss.eletter.testscripts.SalaryRevisionLetter"/>
  <testcase name="skippingMandatoryFieldTest" time="1.78" classname="com.tyss.eletter.testscripts.SalaryRevisionLetter"/>
  <testcase name="editBDPolicyLetterTest" time="4.115" classname="com.tyss.eletter.testscripts.BDPolicyLetter"/>
  <testcase name="previewBDPolicyLetterTest" time="6.503" classname="com.tyss.eletter.testscripts.BDPolicyLetter"/>
  <testcase name="sendMailBDPolicyLetterTest" time="5.674" classname="com.tyss.eletter.testscripts.BDPolicyLetter"/>
  <testcase name="skippingMandatoryFieldTest" time="2.435" classname="com.tyss.eletter.testscripts.BDPolicyLetter"/>
  <testcase name="editITPolicyLetterTest" time="3.209" classname="com.tyss.eletter.testscripts.ITPolicyLetter"/>
  <testcase name="previewITPolicyLetterTest" time="5.835" classname="com.tyss.eletter.testscripts.ITPolicyLetter"/>
  <testcase name="sendMailITPolicyLetterTest" time="5.485" classname="com.tyss.eletter.testscripts.ITPolicyLetter"/>
  <testcase name="skippingMandatoryFieldTest" time="2.036" classname="com.tyss.eletter.testscripts.ITPolicyLetter"/>
  <testcase name="editOfferLetterTest" time="4.031" classname="com.tyss.eletter.testscripts.OfferLetter"/>
  <testcase name="previewOfferLetterTest" time="6.034" classname="com.tyss.eletter.testscripts.OfferLetter"/>
  <testcase name="sendMailOfferLetterTest" time="5.243" classname="com.tyss.eletter.testscripts.OfferLetter"/>
  <testcase name="skippingMandatoryField" time="2.32" classname="com.tyss.eletter.testscripts.OfferLetter"/>
  <testcase name="editConsultantOfferLetterTest" time="3.563" classname="com.tyss.eletter.testscripts.ConsultantOfferLetter"/>
  <testcase name="previewConsultantOfferLetterTest" time="5.866" classname="com.tyss.eletter.testscripts.ConsultantOfferLetter"/>
  <testcase name="sendMailConsultantOfferLetterTest" time="4.937" classname="com.tyss.eletter.testscripts.ConsultantOfferLetter"/>
  <testcase name="skippingMandatoryFieldTest" time="2.219" classname="com.tyss.eletter.testscripts.ConsultantOfferLetter"/>
  <testcase name="editExitLetterTest" time="3.805" classname="com.tyss.eletter.testscripts.ExitLetter"/>
  <testcase name="previewExitLetterTest" time="6.358" classname="com.tyss.eletter.testscripts.ExitLetter"/>
  <testcase name="sendMailExitLetterTest" time="5.252" classname="com.tyss.eletter.testscripts.ExitLetter"/>
  <testcase name="skippingMandatoryFieldTest" time="2.542" classname="com.tyss.eletter.testscripts.ExitLetter"/>
  <testcase name="editDeliveryPolicyLetterTest" time="3.798" classname="com.tyss.eletter.testscripts.DeliveryPolicyLetter"/>
  <testcase name="previewDeliveryPolicyLetterTest" time="6.179" classname="com.tyss.eletter.testscripts.DeliveryPolicyLetter"/>
  <testcase name="sendMailDeliveryPolicyLetterTest" time="4.987" classname="com.tyss.eletter.testscripts.DeliveryPolicyLetter"/>
  <testcase name="skippingMandatoryFieldTest" time="2.338" classname="com.tyss.eletter.testscripts.DeliveryPolicyLetter"/>
  <testcase name="editHRPolicyLetterTest" time="3.201" classname="com.tyss.eletter.testscripts.HRPolicyLetter"/>
  <testcase name="previewHRPolicyLetterTest" time="6.207" classname="com.tyss.eletter.testscripts.HRPolicyLetter"/>
  <testcase name="sendMailHRPolicyLetterTest" time="5.341" classname="com.tyss.eletter.testscripts.HRPolicyLetter"/>
  <testcase name="skippingMandatoryFieldTest" time="2.308" classname="com.tyss.eletter.testscripts.HRPolicyLetter"/>
</testsuite> <!-- Test -->
