<?xml version="1.0" encoding="UTF-8"?>
<!-- Generated by org.testng.reporters.JUnitXMLReporter -->
<testsuite hostname="CBT-02-13" ignored="1" name="Test(failed)" tests="2" failures="1" timestamp="2020-02-24T16:37:14 IST" time="18.155" errors="0">
  <testcase name="skippingMandatoryFieldTest" time="3.218" classname="com.tyss.eletter.consultantofferletter.PreviewConsultantOfferLetter"/>
  <testcase name="editConsultantOfferLetterTest" time="3.726" classname="com.tyss.eletter.consultantofferletter.EditConsultantOfferLetter">
    <failure type="java.lang.AssertionError" message="did not expect to find [true] but found [false]">
      <![CDATA[java.lang.AssertionError: did not expect to find [true] but found [false]
at com.tyss.eletter.consultantofferletter.EditConsultantOfferLetter.editConsultantOfferLetterTest(EditConsultantOfferLetter.java:35)
at java.util.ArrayList.forEach(Unknown Source)
... Removed 31 stack frames]]>
    </failure>
  </testcase> <!-- editConsultantOfferLetterTest -->
  <testcase name="previewConsultantOfferLetterTest" time="0.0" classname="com.tyss.eletter.consultantofferletter.PreviewConsultantOfferLetter">
    <ignored/>
  </testcase> <!-- previewConsultantOfferLetterTest -->
</testsuite> <!-- Test(failed) -->
