<?xml version="1.0" encoding="UTF-8"?>
<!-- Generated by org.testng.reporters.JUnitReportReporter -->
<testsuite skipped="0" hostname="CBT-02-13" name="com.tyss.eletter.projectpolicyletter.SkippingMandatoryField" tests="1" failures="0" timestamp="2020-03-03T16:27:20 IST" time="4.293" errors="0">
  <testcase name="editProjectPolicyLetter" time="4.293" classname="com.tyss.eletter.projectpolicyletter.SkippingMandatoryField"/>
</testsuite> <!-- com.tyss.eletter.projectpolicyletter.SkippingMandatoryField -->
