<?xml version="1.0" encoding="UTF-8"?>
<!-- Generated by org.testng.reporters.JUnitReportReporter -->
<testsuite skipped="0" hostname="CBT-02-13" name="com.tyss.eletter.projectpolicyletter.PreviewProjectPolicyLetter" tests="1" failures="0" timestamp="2020-03-03T15:46:39 IST" time="7.608" errors="0">
  <testcase name="editProjectPolicyLetter" time="7.608" classname="com.tyss.eletter.projectpolicyletter.PreviewProjectPolicyLetter"/>
</testsuite> <!-- com.tyss.eletter.projectpolicyletter.PreviewProjectPolicyLetter -->
