<?xml version="1.0" encoding="UTF-8"?>
<!-- Generated by org.testng.reporters.JUnitReportReporter -->
<testsuite skipped="0" hostname="CBT-02-13" name="com.tyss.eletter.bdpolicyletter.EditBDPolicyLetter" tests="4" failures="0" timestamp="2020-03-02T15:51:28 IST" time="22.603" errors="0">
  <testcase name="sendMailBDPolicyLetterTest" time="7.257" classname="com.tyss.eletter.bdpolicyletter.EditBDPolicyLetter"/>
  <testcase name="editBDPolicyLetterTest" time="5.431" classname="com.tyss.eletter.bdpolicyletter.EditBDPolicyLetter"/>
  <testcase name="previewBDPolicyLetterTest" time="6.831" classname="com.tyss.eletter.bdpolicyletter.EditBDPolicyLetter"/>
  <testcase name="skippingMandatoryFieldTest" time="3.084" classname="com.tyss.eletter.bdpolicyletter.EditBDPolicyLetter"/>
</testsuite> <!-- com.tyss.eletter.bdpolicyletter.EditBDPolicyLetter -->
