<?xml version="1.0" encoding="UTF-8"?>
<!-- Generated by org.testng.reporters.JUnitReportReporter -->
<testsuite skipped="0" hostname="CBT-02-13" name="com.tyss.eletter.offerletter.OfferLetter" tests="4" failures="0" timestamp="2020-03-03T17:53:45 IST" time="21.661" errors="0">
  <testcase name="previewOfferLetterTest" time="7.173" classname="com.tyss.eletter.offerletter.OfferLetter"/>
  <testcase name="sendMailOfferLetterTest" time="6.149" classname="com.tyss.eletter.offerletter.OfferLetter"/>
  <testcase name="editOfferLetterTest" time="5.326" classname="com.tyss.eletter.offerletter.OfferLetter"/>
  <testcase name="skippingMandatoryField" time="3.013" classname="com.tyss.eletter.offerletter.OfferLetter"/>
</testsuite> <!-- com.tyss.eletter.offerletter.OfferLetter -->
