<?xml version="1.0" encoding="UTF-8"?>
<!-- Generated by org.testng.reporters.JUnitReportReporter -->
<testsuite skipped="0" hostname="CBT-02-13" name="com.tyss.eletter.testscripts.ITPolicyLetter" tests="4" failures="0" timestamp="2020-03-04T17:34:42 IST" time="18.763" errors="0">
  <testcase name="editITPolicyLetterTest" time="3.607" classname="com.tyss.eletter.testscripts.ITPolicyLetter"/>
  <testcase name="sendMailITPolicyLetterTest" time="5.953" classname="com.tyss.eletter.testscripts.ITPolicyLetter"/>
  <testcase name="skippingMandatoryFieldTest" time="2.568" classname="com.tyss.eletter.testscripts.ITPolicyLetter"/>
  <testcase name="previewITPolicyLetterTest" time="6.635" classname="com.tyss.eletter.testscripts.ITPolicyLetter"/>
</testsuite> <!-- com.tyss.eletter.testscripts.ITPolicyLetter -->
