<?xml version="1.0" encoding="UTF-8"?>
<!-- Generated by org.testng.reporters.JUnitReportReporter -->
<testsuite skipped="0" hostname="CBT-02-13" name="com.tyss.eletter.itpolicyletter.EditITPolicyLetter" tests="3" failures="0" timestamp="2020-03-03T13:44:44 IST" time="15.482" errors="0">
  <testcase name="previewITPolicyLetterTest" time="6.657" classname="com.tyss.eletter.itpolicyletter.EditITPolicyLetter"/>
  <testcase name="editITPolicyLetterTest" time="5.669" classname="com.tyss.eletter.itpolicyletter.EditITPolicyLetter"/>
  <testcase name="skippingMandatoryFieldTest" time="3.156" classname="com.tyss.eletter.itpolicyletter.EditITPolicyLetter"/>
</testsuite> <!-- com.tyss.eletter.itpolicyletter.EditITPolicyLetter -->
