<?xml version="1.0" encoding="UTF-8"?>
<!-- Generated by org.testng.reporters.JUnitReportReporter -->
<testsuite skipped="0" hostname="CBT-02-13" name="com.tyss.eletter.deliverypolicyletter.SkippingMandatoryField" tests="1" failures="0" timestamp="2020-03-02T18:33:32 IST" time="4.519" errors="0">
  <testcase name="skippingMandatoryFieldTest" time="4.519" classname="com.tyss.eletter.deliverypolicyletter.SkippingMandatoryField"/>
</testsuite> <!-- com.tyss.eletter.deliverypolicyletter.SkippingMandatoryField -->
