<?xml version="1.0" encoding="UTF-8"?>
<!-- Generated by org.testng.reporters.JUnitReportReporter -->
<testsuite skipped="0" hostname="CBT-02-13" name="com.tyss.eletter.testscripts.BDPolicyLetter" tests="4" failures="0" timestamp="2020-03-04T17:34:42 IST" time="20.549" errors="0">
  <testcase name="editBDPolicyLetterTest" time="4.516" classname="com.tyss.eletter.testscripts.BDPolicyLetter"/>
  <testcase name="sendMailBDPolicyLetterTest" time="6.256" classname="com.tyss.eletter.testscripts.BDPolicyLetter"/>
  <testcase name="previewBDPolicyLetterTest" time="6.925" classname="com.tyss.eletter.testscripts.BDPolicyLetter"/>
  <testcase name="skippingMandatoryFieldTest" time="2.852" classname="com.tyss.eletter.testscripts.BDPolicyLetter"/>
</testsuite> <!-- com.tyss.eletter.testscripts.BDPolicyLetter -->
