<?xml version="1.0" encoding="UTF-8"?>
<!-- Generated by org.testng.reporters.JUnitReportReporter -->
<testsuite skipped="0" hostname="CBT-02-13" name="com.tyss.eletter.testscripts.DeliveryPolicyLetter" tests="4" failures="0" timestamp="2020-03-04T17:34:42 IST" time="19.194" errors="0">
  <testcase name="sendMailDeliveryPolicyLetterTest" time="5.395" classname="com.tyss.eletter.testscripts.DeliveryPolicyLetter"/>
  <testcase name="skippingMandatoryFieldTest" time="2.737" classname="com.tyss.eletter.testscripts.DeliveryPolicyLetter"/>
  <testcase name="editDeliveryPolicyLetterTest" time="4.203" classname="com.tyss.eletter.testscripts.DeliveryPolicyLetter"/>
  <testcase name="previewDeliveryPolicyLetterTest" time="6.859" classname="com.tyss.eletter.testscripts.DeliveryPolicyLetter"/>
</testsuite> <!-- com.tyss.eletter.testscripts.DeliveryPolicyLetter -->
