<?xml version="1.0" encoding="UTF-8"?>
<!-- Generated by org.testng.reporters.JUnitReportReporter -->
<testsuite skipped="0" hostname="CBT-02-13" name="com.tyss.eletter.exitletter.ExitLetter" tests="4" failures="0" timestamp="2020-03-03T17:34:15 IST" time="22.797" errors="0">
  <testcase name="previewExitLetterTest" time="6.975" classname="com.tyss.eletter.exitletter.ExitLetter"/>
  <testcase name="sendMailExitLetterTest" time="7.095" classname="com.tyss.eletter.exitletter.ExitLetter"/>
  <testcase name="skippingMandatoryFieldTest" time="3.252" classname="com.tyss.eletter.exitletter.ExitLetter"/>
  <testcase name="editExitLetterTest" time="5.475" classname="com.tyss.eletter.exitletter.ExitLetter"/>
</testsuite> <!-- com.tyss.eletter.exitletter.ExitLetter -->
