<?xml version="1.0" encoding="UTF-8"?>
<!-- Generated by org.testng.reporters.JUnitReportReporter -->
<testsuite skipped="0" hostname="CBT-02-13" name="com.tyss.eletter.hrpolicyletter.HRPolicyLetter" tests="4" failures="0" timestamp="2020-03-03T17:37:06 IST" time="21.330" errors="0">
  <testcase name="previewHRPolicyLetterTest" time="6.910" classname="com.tyss.eletter.hrpolicyletter.HRPolicyLetter"/>
  <testcase name="editHRPolicyLetterTest" time="4.894" classname="com.tyss.eletter.hrpolicyletter.HRPolicyLetter"/>
  <testcase name="sendMailHRPolicyLetterTest" time="6.596" classname="com.tyss.eletter.hrpolicyletter.HRPolicyLetter"/>
  <testcase name="skippingMandatoryFieldTest" time="2.930" classname="com.tyss.eletter.hrpolicyletter.HRPolicyLetter"/>
</testsuite> <!-- com.tyss.eletter.hrpolicyletter.HRPolicyLetter -->
