<?xml version="1.0" encoding="UTF-8"?>
<!-- Generated by org.testng.reporters.JUnitReportReporter -->
<testsuite skipped="0" hostname="CBT-02-13" name="com.tyss.eletter.testscripts.OfferLetter" tests="4" failures="0" timestamp="2020-03-04T17:34:42 IST" time="19.361" errors="0">
  <testcase name="editOfferLetterTest" time="4.434" classname="com.tyss.eletter.testscripts.OfferLetter"/>
  <testcase name="skippingMandatoryField" time="2.723" classname="com.tyss.eletter.testscripts.OfferLetter"/>
  <testcase name="sendMailOfferLetterTest" time="5.618" classname="com.tyss.eletter.testscripts.OfferLetter"/>
  <testcase name="previewOfferLetterTest" time="6.586" classname="com.tyss.eletter.testscripts.OfferLetter"/>
</testsuite> <!-- com.tyss.eletter.testscripts.OfferLetter -->
