<?xml version="1.0" encoding="UTF-8"?>
<!-- Generated by org.testng.reporters.JUnitReportReporter -->
<testsuite skipped="0" hostname="CBT-02-13" name="com.tyss.eletter.salaryrevisionletter.SalaryRevisionLetter" tests="4" failures="0" timestamp="2020-03-03T17:59:39 IST" time="24.253" errors="0">
  <testcase name="previewSalaryRevisionLetterTest" time="5.986" classname="com.tyss.eletter.salaryrevisionletter.SalaryRevisionLetter"/>
  <testcase name="skippingMandatoryFieldTest" time="2.254" classname="com.tyss.eletter.salaryrevisionletter.SalaryRevisionLetter"/>
  <testcase name="editSalaryRevisionLetterTest" time="9.502" classname="com.tyss.eletter.salaryrevisionletter.SalaryRevisionLetter"/>
  <testcase name="sendMailSalaryRevisionLetterTest" time="6.511" classname="com.tyss.eletter.salaryrevisionletter.SalaryRevisionLetter"/>
</testsuite> <!-- com.tyss.eletter.salaryrevisionletter.SalaryRevisionLetter -->
