<?xml version="1.0" encoding="UTF-8"?>
<!-- Generated by org.testng.reporters.JUnitReportReporter -->
<testsuite skipped="0" hostname="CBT-02-13" name="com.tyss.eletter.bdpolicyletter.BDPolicyLetter" tests="4" failures="0" timestamp="2020-03-03T16:59:32 IST" time="21.983" errors="0">
  <testcase name="editBDPolicyLetterTest" time="5.098" classname="com.tyss.eletter.bdpolicyletter.BDPolicyLetter"/>
  <testcase name="sendMailBDPolicyLetterTest" time="6.943" classname="com.tyss.eletter.bdpolicyletter.BDPolicyLetter"/>
  <testcase name="skippingMandatoryFieldTest" time="2.728" classname="com.tyss.eletter.bdpolicyletter.BDPolicyLetter"/>
  <testcase name="previewBDPolicyLetterTest" time="7.214" classname="com.tyss.eletter.bdpolicyletter.BDPolicyLetter"/>
</testsuite> <!-- com.tyss.eletter.bdpolicyletter.BDPolicyLetter -->
