<?xml version="1.0" encoding="UTF-8"?>
<!-- Generated by org.testng.reporters.JUnitReportReporter -->
<testsuite skipped="0" hostname="CBT-02-13" name="com.tyss.eletter.testscripts.HRPolicyLetter" tests="4" failures="0" timestamp="2020-03-04T17:34:42 IST" time="18.988" errors="0">
  <testcase name="skippingMandatoryFieldTest" time="2.715" classname="com.tyss.eletter.testscripts.HRPolicyLetter"/>
  <testcase name="previewHRPolicyLetterTest" time="6.625" classname="com.tyss.eletter.testscripts.HRPolicyLetter"/>
  <testcase name="editHRPolicyLetterTest" time="3.882" classname="com.tyss.eletter.testscripts.HRPolicyLetter"/>
  <testcase name="sendMailHRPolicyLetterTest" time="5.766" classname="com.tyss.eletter.testscripts.HRPolicyLetter"/>
</testsuite> <!-- com.tyss.eletter.testscripts.HRPolicyLetter -->
