<?xml version="1.0" encoding="UTF-8"?>
<!-- Generated by org.testng.reporters.JUnitReportReporter -->
<testsuite skipped="0" hostname="CBT-02-13" name="com.tyss.eletter.consultantofferletter.EditConsultantOfferLetter" tests="4" failures="0" timestamp="2020-03-02T15:52:08 IST" time="20.586" errors="0">
  <testcase name="editConsultantOfferLetterTest" time="4.700" classname="com.tyss.eletter.consultantofferletter.EditConsultantOfferLetter"/>
  <testcase name="sendMailConsultantOfferLetterTest" time="6.393" classname="com.tyss.eletter.consultantofferletter.EditConsultantOfferLetter"/>
  <testcase name="skippingMandatoryFieldTest" time="3.073" classname="com.tyss.eletter.consultantofferletter.EditConsultantOfferLetter"/>
  <testcase name="previewConsultantOfferLetterTest" time="6.420" classname="com.tyss.eletter.consultantofferletter.EditConsultantOfferLetter"/>
</testsuite> <!-- com.tyss.eletter.consultantofferletter.EditConsultantOfferLetter -->
