<?xml version="1.0" encoding="UTF-8"?>
<!-- Generated by org.testng.reporters.JUnitReportReporter -->
<testsuite skipped="0" hostname="CBT-02-13" name="com.tyss.eletter.testscripts.ExitLetter" tests="4" failures="0" timestamp="2020-03-04T17:34:42 IST" time="20.343" errors="0">
  <testcase name="skippingMandatoryFieldTest" time="3.464" classname="com.tyss.eletter.testscripts.ExitLetter"/>
  <testcase name="editExitLetterTest" time="4.290" classname="com.tyss.eletter.testscripts.ExitLetter"/>
  <testcase name="previewExitLetterTest" time="6.772" classname="com.tyss.eletter.testscripts.ExitLetter"/>
  <testcase name="sendMailExitLetterTest" time="5.817" classname="com.tyss.eletter.testscripts.ExitLetter"/>
</testsuite> <!-- com.tyss.eletter.testscripts.ExitLetter -->
