<?xml version="1.0" encoding="UTF-8"?>
<!-- Generated by org.testng.reporters.JUnitReportReporter -->
<testsuite skipped="0" hostname="CBT-02-13" name="com.tyss.eletter.offerletter.EditOfferLetter" tests="3" failures="0" timestamp="2020-03-03T15:10:06 IST" time="15.761" errors="0">
  <testcase name="previewOfferLetterTest" time="7.104" classname="com.tyss.eletter.offerletter.EditOfferLetter"/>
  <testcase name="editOfferLetterTest" time="5.504" classname="com.tyss.eletter.offerletter.EditOfferLetter"/>
  <testcase name="skippingMandatoryField" time="3.153" classname="com.tyss.eletter.offerletter.EditOfferLetter"/>
</testsuite> <!-- com.tyss.eletter.offerletter.EditOfferLetter -->
