<?xml version="1.0" encoding="UTF-8"?>
<!-- Generated by org.testng.reporters.JUnitReportReporter -->
<testsuite skipped="0" hostname="CBT-02-13" name="com.tyss.eletter.testscripts.ConsultantOfferLetter" tests="4" failures="0" timestamp="2020-03-04T17:34:42 IST" time="18.435" errors="0">
  <testcase name="skippingMandatoryFieldTest" time="2.634" classname="com.tyss.eletter.testscripts.ConsultantOfferLetter"/>
  <testcase name="editConsultantOfferLetterTest" time="3.989" classname="com.tyss.eletter.testscripts.ConsultantOfferLetter"/>
  <testcase name="previewConsultantOfferLetterTest" time="6.436" classname="com.tyss.eletter.testscripts.ConsultantOfferLetter"/>
  <testcase name="sendMailConsultantOfferLetterTest" time="5.376" classname="com.tyss.eletter.testscripts.ConsultantOfferLetter"/>
</testsuite> <!-- com.tyss.eletter.testscripts.ConsultantOfferLetter -->
