<?xml version="1.0" encoding="UTF-8"?>
<!-- Generated by org.testng.reporters.JUnitReportReporter -->
<testsuite skipped="0" hostname="CBT-02-13" name="com.tyss.eletter.testscripts.SalaryRevisionLetter" tests="4" failures="0" timestamp="2020-03-04T17:34:42 IST" time="17.601" errors="0">
  <testcase name="sendMailSalaryRevisionLetterTest" time="5.340" classname="com.tyss.eletter.testscripts.SalaryRevisionLetter"/>
  <testcase name="skippingMandatoryFieldTest" time="2.217" classname="com.tyss.eletter.testscripts.SalaryRevisionLetter"/>
  <testcase name="previewSalaryRevisionLetterTest" time="6.564" classname="com.tyss.eletter.testscripts.SalaryRevisionLetter"/>
  <testcase name="editSalaryRevisionLetterTest" time="3.480" classname="com.tyss.eletter.testscripts.SalaryRevisionLetter"/>
</testsuite> <!-- com.tyss.eletter.testscripts.SalaryRevisionLetter -->
