<?xml version="1.0" encoding="UTF-8"?>
<!-- Generated by org.testng.reporters.JUnitReportReporter -->
<testsuite skipped="0" hostname="CBT-02-13" name="com.tyss.eletter.consultantofferletter.SkippingMandatoryField" tests="1" failures="0" timestamp="2020-03-02T18:33:15 IST" time="3.983" errors="0">
  <testcase name="skippingMandatoryFieldTest" time="3.983" classname="com.tyss.eletter.consultantofferletter.SkippingMandatoryField"/>
</testsuite> <!-- com.tyss.eletter.consultantofferletter.SkippingMandatoryField -->
