<?xml version="1.0" encoding="UTF-8"?>
<!-- Generated by org.testng.reporters.JUnitReportReporter -->
<testsuite skipped="0" hostname="CBT-02-13" name="com.tyss.eletter.exitletter.EditExitLetter" tests="4" failures="0" timestamp="2020-03-03T10:15:00 IST" time="22.522" errors="0">
  <testcase name="editExitLetterTest" time="5.122" classname="com.tyss.eletter.exitletter.EditExitLetter"/>
  <testcase name="sendMailExitLetterTest" time="6.935" classname="com.tyss.eletter.exitletter.EditExitLetter"/>
  <testcase name="skippingMandatoryFieldTest" time="3.521" classname="com.tyss.eletter.exitletter.EditExitLetter"/>
  <testcase name="previewExitLetterTest" time="6.944" classname="com.tyss.eletter.exitletter.EditExitLetter"/>
</testsuite> <!-- com.tyss.eletter.exitletter.EditExitLetter -->
