<?xml version="1.0" encoding="UTF-8"?>
<!-- Generated by org.testng.reporters.JUnitReportReporter -->
<testsuite skipped="0" hostname="CBT-02-13" name="com.tyss.eletter.deliverypolicyletter.EditDeliveryPolicyLetter" tests="4" failures="0" timestamp="2020-03-03T17:30:15 IST" time="20.853" errors="0">
  <testcase name="previewDeliveryPolicyLetterTest" time="7.040" classname="com.tyss.eletter.deliverypolicyletter.EditDeliveryPolicyLetter"/>
  <testcase name="editDeliveryPolicyLetterTest" time="5.367" classname="com.tyss.eletter.deliverypolicyletter.EditDeliveryPolicyLetter"/>
  <testcase name="sendMailDeliveryPolicyLetterTest" time="5.561" classname="com.tyss.eletter.deliverypolicyletter.EditDeliveryPolicyLetter"/>
  <testcase name="skippingMandatoryFieldTest" time="2.885" classname="com.tyss.eletter.deliverypolicyletter.EditDeliveryPolicyLetter"/>
</testsuite> <!-- com.tyss.eletter.deliverypolicyletter.EditDeliveryPolicyLetter -->
