<?xml version="1.0" encoding="UTF-8"?>
<!-- Generated by org.testng.reporters.JUnitReportReporter -->
<testsuite skipped="0" hostname="CBT-02-13" name="com.tyss.eletter.internshipletter.EditInternshipLetter" tests="4" failures="0" timestamp="2020-03-03T17:41:06 IST" time="19.078" errors="0">
  <testcase name="previewInternshipLetterTest" time="6.375" classname="com.tyss.eletter.internshipletter.EditInternshipLetter"/>
  <testcase name="editInternshipLetterTest" time="4.508" classname="com.tyss.eletter.internshipletter.EditInternshipLetter"/>
  <testcase name="skippingMandatoryFieldTest" time="2.522" classname="com.tyss.eletter.internshipletter.EditInternshipLetter"/>
  <testcase name="sendmailInternshipLetterTest" time="5.673" classname="com.tyss.eletter.internshipletter.EditInternshipLetter"/>
</testsuite> <!-- com.tyss.eletter.internshipletter.EditInternshipLetter -->
