<?xml version="1.0" encoding="UTF-8"?>
<!-- Generated by org.testng.reporters.JUnitReportReporter -->
<testsuite skipped="0" hostname="CBT-02-13" name="com.tyss.eletter.deliverypolicyletter.PreviewDeliveryPolicyLetter" tests="1" failures="0" timestamp="2020-03-03T17:23:07 IST" time="5.163" errors="0">
  <testcase name="previewDeliveryPolicyLetterTest" time="5.163" classname="com.tyss.eletter.deliverypolicyletter.PreviewDeliveryPolicyLetter"/>
</testsuite> <!-- com.tyss.eletter.deliverypolicyletter.PreviewDeliveryPolicyLetter -->
