<?xml version="1.0" encoding="UTF-8"?>
<!-- Generated by org.testng.reporters.JUnitReportReporter -->
<testsuite skipped="0" hostname="CBT-02-13" name="com.tyss.eletter.salaryrevisionletter.SkippingMandatoryField" tests="1" failures="0" timestamp="2020-03-03T16:44:43 IST" time="3.489" errors="0">
  <testcase name="editSalaryRevisionLetterTest" time="3.489" classname="com.tyss.eletter.salaryrevisionletter.SkippingMandatoryField"/>
</testsuite> <!-- com.tyss.eletter.salaryrevisionletter.SkippingMandatoryField -->
