<?xml version="1.0" encoding="UTF-8"?>
<!-- Generated by org.testng.reporters.JUnitReportReporter -->
<testsuite skipped="0" hostname="CBT-02-13" name="com.tyss.eletter.consultantofferletter.PreviewConsultantOfferLetter" tests="1" failures="0" timestamp="2020-02-27T18:17:30 IST" time="4.083" errors="0">
  <testcase name="previewConsultantOfferLetterTest" time="4.083" classname="com.tyss.eletter.consultantofferletter.PreviewConsultantOfferLetter"/>
</testsuite> <!-- com.tyss.eletter.consultantofferletter.PreviewConsultantOfferLetter -->
