<?xml version="1.0" encoding="UTF-8"?>
<!-- Generated by org.testng.reporters.JUnitReportReporter -->
<testsuite skipped="0" hostname="CBT-02-13" name="com.tyss.eletter.testscripts.ProjectPolicyLetter" tests="4" failures="0" timestamp="2020-03-04T17:34:42 IST" time="20.358" errors="0">
  <testcase name="previewProjectPolicyLetterTest" time="7.086" classname="com.tyss.eletter.testscripts.ProjectPolicyLetter"/>
  <testcase name="editProjectPolicyLetterTest" time="3.869" classname="com.tyss.eletter.testscripts.ProjectPolicyLetter"/>
  <testcase name="skippingMandatoryFieldTest" time="3.174" classname="com.tyss.eletter.testscripts.ProjectPolicyLetter"/>
  <testcase name="sendMailProjectPolicyLetterTest" time="6.229" classname="com.tyss.eletter.testscripts.ProjectPolicyLetter"/>
</testsuite> <!-- com.tyss.eletter.testscripts.ProjectPolicyLetter -->
