<?xml version="1.0" encoding="UTF-8"?>
<!-- Generated by org.testng.reporters.JUnitReportReporter -->
<testsuite skipped="0" hostname="CBT-02-13" name="com.tyss.eletter.testscripts.InternshipLetter" tests="4" failures="0" timestamp="2020-03-04T17:34:42 IST" time="22.665" errors="0">
  <testcase name="skippingMandatoryFieldTest" time="2.624" classname="com.tyss.eletter.testscripts.InternshipLetter"/>
  <testcase name="previewInternshipLetterTest" time="8.430" classname="com.tyss.eletter.testscripts.InternshipLetter"/>
  <testcase name="editInternshipLetterTest" time="4.453" classname="com.tyss.eletter.testscripts.InternshipLetter"/>
  <testcase name="sendmailInternshipLetterTest" time="7.158" classname="com.tyss.eletter.testscripts.InternshipLetter"/>
</testsuite> <!-- com.tyss.eletter.testscripts.InternshipLetter -->
