<?xml version="1.0" encoding="UTF-8"?>
<!-- Generated by org.testng.reporters.JUnitReportReporter -->
<testsuite skipped="0" hostname="CBT-02-13" name="com.tyss.eletter.itpolicyletter.ITPolicyLetter" tests="4" failures="0" timestamp="2020-03-03T17:49:12 IST" time="19.614" errors="0">
  <testcase name="skippingMandatoryFieldTest" time="2.949" classname="com.tyss.eletter.itpolicyletter.ITPolicyLetter"/>
  <testcase name="previewITPolicyLetterTest" time="6.745" classname="com.tyss.eletter.itpolicyletter.ITPolicyLetter"/>
  <testcase name="editITPolicyLetterTest" time="4.594" classname="com.tyss.eletter.itpolicyletter.ITPolicyLetter"/>
  <testcase name="sendMailITPolicyLetterTest" time="5.326" classname="com.tyss.eletter.itpolicyletter.ITPolicyLetter"/>
</testsuite> <!-- com.tyss.eletter.itpolicyletter.ITPolicyLetter -->
