<?xml version="1.0" encoding="UTF-8"?>
<!-- Generated by org.testng.reporters.JUnitReportReporter -->
<testsuite skipped="0" hostname="CBT-02-13" name="com.tyss.eletter.salaryrevisionletter.PreviewSalaryRevisionLetter" tests="1" failures="0" timestamp="2020-03-03T16:34:29 IST" time="7.689" errors="0">
  <testcase name="editSalaryRevisionLetterTest" time="7.689" classname="com.tyss.eletter.salaryrevisionletter.PreviewSalaryRevisionLetter"/>
</testsuite> <!-- com.tyss.eletter.salaryrevisionletter.PreviewSalaryRevisionLetter -->
