<?xml version="1.0" encoding="UTF-8"?>
<!-- Generated by org.testng.reporters.JUnitReportReporter -->
<testsuite skipped="0" hostname="CBT-02-13" name="com.tyss.eletter.consultantofferletter.ConsultantOfferLetter" tests="4" failures="0" timestamp="2020-03-03T17:03:46 IST" time="26.937" errors="0">
  <testcase name="editConsultantOfferLetterTest" time="10.863" classname="com.tyss.eletter.consultantofferletter.ConsultantOfferLetter"/>
  <testcase name="sendMailConsultantOfferLetterTest" time="6.521" classname="com.tyss.eletter.consultantofferletter.ConsultantOfferLetter"/>
  <testcase name="skippingMandatoryFieldTest" time="3.172" classname="com.tyss.eletter.consultantofferletter.ConsultantOfferLetter"/>
  <testcase name="previewConsultantOfferLetterTest" time="6.381" classname="com.tyss.eletter.consultantofferletter.ConsultantOfferLetter"/>
</testsuite> <!-- com.tyss.eletter.consultantofferletter.ConsultantOfferLetter -->
