<?xml version="1.0" encoding="UTF-8"?>
<!-- Generated by org.testng.reporters.JUnitReportReporter -->
<testsuite skipped="0" hostname="CBT-02-13" name="com.tyss.eletter.testscripts.BDPolicyLetterTest" tests="4" failures="0" timestamp="2020-03-03T17:27:56 IST" time="21.712" errors="0">
  <testcase name="previewBDPolicyLetterTest" time="6.758" classname="com.tyss.eletter.testscripts.BDPolicyLetterTest"/>
  <testcase name="editBDPolicyLetterTest" time="5.646" classname="com.tyss.eletter.testscripts.BDPolicyLetterTest"/>
  <testcase name="sendMailBDPolicyLetterTest" time="6.556" classname="com.tyss.eletter.testscripts.BDPolicyLetterTest"/>
  <testcase name="skippingMandatoryFieldTest" time="2.752" classname="com.tyss.eletter.testscripts.BDPolicyLetterTest"/>
</testsuite> <!-- com.tyss.eletter.testscripts.BDPolicyLetterTest -->
